make all --print-data-base --no-builtin-variables --no-builtin-rules --question
# GNU Make 4.2.1
# Built for x86_64-pc-linux-gnu
# Copyright (C) 1988-2016 Free Software Foundation, Inc.
# License GPLv3+: GNU GPL version 3 or later <http://gnu.org/licenses/gpl.html>
# This is free software: you are free to change and redistribute it.
# There is NO WARRANTY, to the extent permitted by law.

# Make data base, printed on Wed Apr 27 14:38:44 2022

# Variables

# 'override' directive
GNUMAKEFLAGS := 
# automatic
<D = $(patsubst %/,%,$(dir $<))
# makefile (from '/opt/devkitpro/devkitPPC/base_tools', line 24)
PREFIX := powerpc-eabi-
# automatic
?F = $(notdir $?)
# environment
DESKTOP_SESSION = ubuntu
# default
.SHELLFLAGS := -c
# makefile (from '/opt/devkitpro/devkitPPC/base_tools', line 49)
SILENTCMD := @
# environment
XDG_SESSION_CLASS = user
# environment
SNAP_COMMON = /var/snap/code/common
# environment
XDG_SESSION_TYPE = x11
# environment
VSCODE_LOG_NATIVE = false
# makefile (from 'Makefile', line 33)
TARGET := Hellium-File-Explorer
# automatic
?D = $(patsubst %/,%,$(dir $?))
# environment
IM_CONFIG_PHASE = 1
# makefile (from 'Makefile', line 40)
INCLUDES := include
# automatic
@D = $(patsubst %/,%,$(dir $@))
# environment
XAUTHORITY = /run/user/1000/gdm/Xauthority
# environment
GDMSESSION = ubuntu
# environment
XMODIFIERS = @im=ibus
# makefile
CURDIR := /home/jose/Desktop/CODE/Hellium-File-Explorer
# makefile
SHELL = /bin/sh
# makefile (from 'Makefile', line 18)
APP_AUTHOR := Pokes303
# environment
SNAP_DATA = /var/snap/code/94
# makefile (from '/opt/devkitpro/portlibs/wiiu/share/romfs-wiiu.mk', line 2)
Q = @
# environment
VSCODE_NLS_CONFIG = {"locale":"en-us","availableLanguages":{},"_languagePackSupport":true}
# environment
JOURNAL_STREAM = 8:53558
# makefile (from 'Makefile', line 71)
CFLAGS := -g -Wall -O2 -ffunction-sections -DESPRESSO -mcpu=750 -meabi -mhard-float  -D__WIIU__ -D__WUT__ -I/opt/devkitpro/portlibs/wiiu/include
# environment
XDG_CONFIG_DIRS = /etc/xdg/xdg-ubuntu:/etc/xdg
# environment
SNAP_INSTANCE_NAME = code
# environment
SNAP_ARCH = amd64
# makefile (from '/opt/devkitpro/portlibs/wiiu/share/romfs-wiiu.mk', line 1)
MAKEFILE_LIST :=  Makefile /opt/devkitpro/wut/share/wut_rules /opt/devkitpro/devkitPPC/base_rules /opt/devkitpro/devkitPPC/base_tools /opt/devkitpro/portlibs/wiiu/share/romfs-wiiu.mk
# automatic
@F = $(notdir $@)
# makefile (from 'Makefile', line 92)
CPPFILES := utils.cpp bubbles.cpp input.cpp udplog.cpp SDL_Helper.cpp filesystem_gui.cpp exceptions.cpp main.cpp dialog_helper.cpp bubble.cpp path.cpp option.cpp filebutton.cpp menu.cpp button.cpp dialog_default.cpp dialog_progressbar.cpp dialog_textbox.cpp dialog.cpp menu_main.cpp menu_game.cpp
# makefile (from '/opt/devkitpro/devkitPPC/base_tools', line 48)
SILENTMSG := @echo
# environment
GIO_LAUNCHED_DESKTOP_FILE = /var/lib/snapd/desktop/applications/code_code.desktop
# environment
USERNAME = jose
# makefile (from 'Makefile', line 35)
SOURCES := src src/gui src/gui/dialog src/menus
# makefile (from 'Makefile', line 72)
CXXFLAGS := -g -Wall -O2 -ffunction-sections -DESPRESSO -mcpu=750 -meabi -mhard-float  -D__WIIU__ -D__WUT__ -I/opt/devkitpro/portlibs/wiiu/include
# environment
MAKELEVEL := 0
# environment
MANDATORY_PATH = /usr/share/gconf/ubuntu.mandatory.path
# environment
XDG_DATA_DIRS = /usr/share/ubuntu:/home/jose/.local/share/flatpak/exports/share:/var/lib/flatpak/exports/share:/usr/local/share/:/usr/share/:/var/lib/snapd/desktop
# makefile (from 'Makefile', line 119)
LIBPATHS := -L/opt/devkitpro/portlibs/wiiu/lib -L/opt/devkitpro/portlibs/ppc/lib -L/opt/devkitpro/wut/lib -L/opt/devkitpro/wut/usr/lib
# environment
DBUS_SESSION_BUS_ADDRESS = unix:path=/run/user/1000/bus
# environment
VSCODE_VERBOSE_LOGGING = true
# makefile (from '/opt/devkitpro/devkitPPC/base_tools', line 27)
CC := powerpc-eabi-gcc
# makefile (from 'Makefile', line 91)
CFILES := $(subst ,,   )
# environment
_ = /snap/code/94/usr/share/code/code
# makefile (from '/opt/devkitpro/portlibs/wiiu/share/romfs-wiiu.mk', line 10)
ROMFS_CFLAGS := -I/opt/devkitpro/portlibs/wiiu/include
# environment
MANAGERPID = 1850
# makefile (from 'Makefile', line 44)
DRC_SPLASH := 
# environment
LESSOPEN = | /usr/bin/lesspipe %s
# environment
LC_NAME = es_ES.UTF-8
# environment
VSCODE_CWD = /home/jose
# environment
GSETTINGS_SCHEMA_DIR = /snap/code/94/usr/share/glib-2.0/schemas
# default
MAKE_HOST := x86_64-pc-linux-gnu
# makefile (from '/opt/devkitpro/portlibs/wiiu/share/romfs-wiiu.mk', line 9)
ROMFS_LIBS := -lromfs-wiiu
# makefile (from '/opt/devkitpro/wut/share/wut_rules', line 17)
PATH := /opt/devkitpro/portlibs/wiiu/bin:/opt/devkitpro/portlibs/ppc/bin:/opt/devkitpro/tools/bin:/opt/devkitpro/devkitPPC/bin:/home/jose/.local/bin:/opt/devkitpro/tools/bin:/home/jose/.local/bin:/opt/devkitpro/tools/bin:/usr/local/sbin:/usr/local/bin:/usr/sbin:/usr/bin:/sbin:/bin:/usr/games:/usr/local/games:/snap/bin:/home/jose/.dotnet/tools:/home/jose/.dotnet/tools
# makefile (from 'Makefile', line 105)
LD := powerpc-eabi-g++
# makefile (from '/opt/devkitpro/wut/share/wut_rules', line 42)
WUHB_OPTIONS :=  --name "Hellium File Explorer" --short-name "File Explorer" --author "Pokes303"
# environment
GPG_AGENT_INFO = /run/user/1000/gnupg/S.gpg-agent:0:1
# environment
SESSION_MANAGER = local/hp:@/tmp/.ICE-unix/2090,unix/hp:/tmp/.ICE-unix/2090
# environment
XDG_RUNTIME_DIR = /run/user/1000
# environment
GDK_PIXBUF_MODULE_FILE = /home/jose/snap/code/common/.cache/gdk-pixbuf-loaders.cache
# environment
SNAP = /snap/code/94
# makefile (from 'Makefile', line 110)
OFILES_BIN := 
# default
.INCLUDE_DIRS = /usr/include /usr/local/include /usr/include
# makefile (from 'Makefile', line 65)
LIBDIRS := /opt/devkitpro/portlibs/wiiu /opt/devkitpro/portlibs/ppc /opt/devkitpro/wut /opt/devkitpro/wut/usr
# makefile (from 'Makefile', line 86)
VPATH := /home/jose/Desktop/CODE/Hellium-File-Explorer/src /home/jose/Desktop/CODE/Hellium-File-Explorer/src/gui /home/jose/Desktop/CODE/Hellium-File-Explorer/src/gui/dialog /home/jose/Desktop/CODE/Hellium-File-Explorer/src/menus /home/jose/Desktop/CODE/Hellium-File-Explorer/data
# environment
SNAP_VERSION = dfd34e82
# makefile (from '/opt/devkitpro/devkitPPC/base_tools', line 29)
AR := powerpc-eabi-gcc-ar
# environment
XDG_MENU_PREFIX = gnome-
# environment
VSCODE_LOG_STACK = false
# environment
DISABLE_WAYLAND = 1
# environment
ELECTRON_RUN_AS_NODE = 1
# environment
INVOCATION_ID = d690726b0fe2497889d358f826d1fd7e
# makefile (from 'Makefile', line 57)
LDFLAGS = -g $(ARCH) $(RPXSPECS) -Wl,-Map,$(notdir $*.map)
# environment
GDK_PIXBUF_MODULEDIR = /snap/code/94/usr/lib/x86_64-linux-gnu/gdk-pixbuf-2.0/2.10.0/loaders
# default
.FEATURES := target-specific order-only second-expansion else-if shortest-stem undefine oneshell archives jobserver output-sync check-symlink load
# environment
LS_COLORS = 
# environment
XDG_SESSION_DESKTOP = ubuntu
# environment
SSH_AUTH_SOCK = /run/user/1000/keyring/ssh
# environment
GIO_LAUNCHED_DESKTOP_FILE_PID = 7111
# automatic
%F = $(notdir $%)
# makefile (from '/opt/devkitpro/devkitPPC/base_tools', line 4)
UNAME_S := Linux
# environment
DISPLAY = :0
# makefile (from '/opt/devkitpro/wut/share/wut_rules', line 22)
RPLSPECS := -specs=/opt/devkitpro/wut/share/wut.specs -specs=/opt/devkitpro/wut/share/rpl.specs
# makefile (from '/opt/devkitpro/devkitPPC/base_tools', line 13)
DEVKITPATH = $(shell echo "$(DEVKITPRO)" | sed -e 's/^\([a-zA-Z]\):/\/\1/')
# makefile (from '/opt/devkitpro/wut/share/wut_rules', line 15)
PORTLIBS := /opt/devkitpro/portlibs/wiiu /opt/devkitpro/portlibs/ppc
# environment
VSCODE_PIPE_LOGGING = true
# environment
SNAP_INSTANCE_KEY = 
# environment
PWD = /home/jose/Desktop/CODE/Hellium-File-Explorer
# makefile (from 'Makefile', line 43)
TV_SPLASH := 
# default
.LOADED := 
# makefile (from 'Makefile', line 68)
ROMFS := romfs
# environment
SSH_AGENT_PID = 2051
# environment
ORIGINAL_XDG_CURRENT_DESKTOP = ubuntu:GNOME
# environment
GTK_MODULES = gail:atk-bridge
# environment
VSCODE_AMD_ENTRYPOINT = vs/workbench/api/node/extensionHostProcess
# environment
HOME = /home/jose
# makefile (from 'Makefile', line 89)
DEPSDIR := /home/jose/Desktop/CODE/Hellium-File-Explorer/build
# environment
LESSCLOSE = /usr/bin/lesspipe %s %s
# makefile (from '/opt/devkitpro/wut/share/wut_rules', line 21)
RPXSPECS := -specs=/opt/devkitpro/wut/share/wut.specs
# environment
VSCODE_CLI = 1
# makefile (from '/opt/devkitpro/devkitPPC/base_tools', line 35)
ISVC = $(or $(VCBUILDHELPER_COMMAND),$(MSBUILDEXTENSIONSPATH32),$(MSBUILDEXTENSIONSPATH))
# environment
VSCODE_CODE_CACHE_PATH = /home/jose/.config/Code/CachedData/dfd34e8260c270da74b5c2d86d61aee4b6d56977
# environment
LOGNAME = jose
# environment
APPLICATION_INSIGHTS_NO_DIAGNOSTIC_CHANNEL = 1
# environment
SNAP_LIBRARY_PATH = /var/lib/snapd/lib/gl:/var/lib/snapd/lib/gl32:/var/lib/snapd/void
# environment
SNAP_CONTEXT = eFo15VvSzQWGUvog76ZTfvPnFfMsK_J9Jqz-6JdsKW-9XLNFpfd4
# makefile (from '/opt/devkitpro/devkitPPC/base_tools', line 33)
RANLIB := powerpc-eabi-gcc-ranlib
# automatic
+F = $(notdir $+)
# environment
ELECTRON_NO_ATTACH_CONSOLE = 1
# environment
SNAP_USER_COMMON = /home/jose/snap/code/common
# environment
VSCODE_HANDLES_UNCAUGHT_ERRORS = true
# environment
GNOME_DESKTOP_SESSION_ID = this-is-deprecated
# automatic
^D = $(patsubst %/,%,$(dir $^))
# makefile (from '/opt/devkitpro/devkitPPC/base_rules', line 38)
bin2o = 	$(SILENTCMD)bin2s -a 32 -H `(echo $(<F) | tr . _)`.h $< | $(AS) -o $(<F).o
# environment
DEVKITPRO = /opt/devkitpro
# environment
LC_TIME = es_ES.UTF-8
# environment
SNAP_REAL_HOME = /home/jose
# default
MAKE = $(MAKE_COMMAND)
# default
MAKECMDGOALS := all
# environment
QT_IM_MODULE = ibus
# environment
DEVKITARM = /opt/devkitpro/devkitARM
# environment
SNAP_USER_DATA = /home/jose/snap/code/94
# environment
SHLVL = 0
# makefile (from '/opt/devkitpro/devkitPPC/base_tools', line 32)
NM := powerpc-eabi-gcc-nm
# makefile (from '/opt/devkitpro/devkitPPC/base_tools', line 26)
AS := powerpc-eabi-as
# environment
GNOME_SHELL_SESSION_MODE = ubuntu
# environment
VSCODE_IPC_HOOK_EXTHOST = /run/user/1000/vscode-ipc-5bcf87cc-7d85-49c8-981c-e9559d83630a.sock
# makefile (from 'Makefile', line 56)
ASFLAGS := -g 
# default
MAKE_VERSION := 4.2.1
# environment
USER = jose
# environment
SNAP_REVISION = 94
# environment
LC_MONETARY = es_ES.UTF-8
# makefile
.DEFAULT_GOAL := all
# makefile (from 'Makefile', line 115)
INCLUDE := -I/home/jose/Desktop/CODE/Hellium-File-Explorer/include -I/opt/devkitpro/portlibs/wiiu/include -I/opt/devkitpro/portlibs/ppc/include -I/opt/devkitpro/wut/include -I/opt/devkitpro/wut/usr/include -I/home/jose/Desktop/CODE/Hellium-File-Explorer/build
# environment
XDG_CURRENT_DESKTOP = Unity
# makefile (from 'Makefile', line 111)
OFILES_SRC := utils.o bubbles.o input.o udplog.o SDL_Helper.o filesystem_gui.o exceptions.o main.o dialog_helper.o bubble.o path.o option.o filebutton.o menu.o button.o dialog_default.o dialog_progressbar.o dialog_textbox.o dialog.o menu_main.o menu_game.o  
# makefile (from '/opt/devkitpro/wut/share/wut_rules', line 26)
WUHB_DEPS := 
# makefile (from 'Makefile', line 93)
SFILES := $(subst ,,   )
 
# automatic
%D = $(patsubst %/,%,$(dir $%))
# makefile (from 'Makefile', line 42)
ICON := 
# environment
LC_TELEPHONE = es_ES.UTF-8
# default
MAKE_COMMAND := make
# default
.VARIABLES := 
# makefile (from 'Makefile', line 84)
TOPDIR := /home/jose/Desktop/CODE/Hellium-File-Explorer
# automatic
*F = $(notdir $*)
# environment
VSCODE_IPC_HOOK = /run/user/1000/vscode-ca76bd5f-1.66.2-main.sock
# environment
BAMF_DESKTOP_FILE_HINT = /var/lib/snapd/desktop/applications/code_code.desktop
# makefile
MAKEFLAGS = pqrR
# environment
MFLAGS = -pqrR
# automatic
*D = $(patsubst %/,%,$(dir $*))
# makefile (from '/opt/devkitpro/devkitPPC/base_tools', line 19)
PORTLIBS_PATH := /opt/devkitpro/portlibs
# makefile (from '/opt/devkitpro/wut/share/wut_rules', line 19)
WUT_ROOT = $(DEVKITPRO)/wut
# automatic
+D = $(patsubst %/,%,$(dir $+))
# environment
GDK_BACKEND = x11
# makefile (from 'Makefile', line 39)
DATA := data
# environment
LC_PAPER = es_ES.UTF-8
# makefile (from 'Makefile', line 16)
APP_NAME := Hellium File Explorer
# environment
LC_IDENTIFICATION = es_ES.UTF-8
# makefile (from '/opt/devkitpro/devkitPPC/base_tools', line 31)
STRIP := powerpc-eabi-strip
# environment
QT_ACCESSIBILITY = 1
# environment
DEFAULTS_PATH = /usr/share/gconf/ubuntu.default.path
# makefile (from 'Makefile', line 83)
OUTPUT := /home/jose/Desktop/CODE/Hellium-File-Explorer/Hellium-File-Explorer
# 'override' directive
.SHELLSTATUS := 0
# default
MAKEFILES := 
# makefile (from '/opt/devkitpro/wut/share/wut_rules', line 24)
MACHDEP = -DESPRESSO -mcpu=750 -meabi -mhard-float
# environment
SNAP_COOKIE = eFo15VvSzQWGUvog76ZTfvPnFfMsK_J9Jqz-6JdsKW-9XLNFpfd4
# environment
LC_NUMERIC = es_ES.UTF-8
# makefile (from 'Makefile', line 34)
BUILD := build
# automatic
<F = $(notdir $<)
# makefile (from '/opt/devkitpro/devkitPPC/base_tools', line 28)
CXX := powerpc-eabi-g++
# environment
LC_MEASUREMENT = es_ES.UTF-8
# environment
SNAP_NAME = code
# makefile (from 'Makefile', line 17)
APP_SHORTNAME := File Explorer
# environment
LC_ALL = C
# makefile (from 'Makefile', line 113)
HFILES_BIN := 
# makefile (from 'Makefile', line 94)
BINFILES := 
# environment
GJS_DEBUG_TOPICS = JS ERROR;JS LOG
# makefile (from 'Makefile', line 73)
LIBS := -liosuhax -lSDL2_ttf -lSDL2_mixer -lSDL2_gfx -lSDL2_image -lSDL2 -lmpg123 -lvorbisfile -lvorbis -logg -lfreetype -lpng -lmpg123 -lbz2 -ljpeg -lz -lwut -lromfs-wiiu
# automatic
^F = $(notdir $^)
# makefile (from '/opt/devkitpro/portlibs/wiiu/share/romfs-wiiu.mk', line 11)
ROMFS_TARGET := app.romfs.o
# makefile (from '/opt/devkitpro/devkitPPC/base_tools', line 30)
OBJCOPY := powerpc-eabi-objcopy
# default
SUFFIXES := 
# environment
SNAP_REEXEC = 
# environment
CHROME_DESKTOP = code-url-handler.desktop
# makefile (from 'Makefile', line 41)
CONTENT := 
# environment
WINDOWPATH = 2
# environment
DEVKITPPC = /opt/devkitpro/devkitPPC
# makefile (from 'Makefile', line 112)
OFILES :=  utils.o bubbles.o input.o udplog.o SDL_Helper.o filesystem_gui.o exceptions.o main.o dialog_helper.o bubble.o path.o option.o filebutton.o menu.o button.o dialog_default.o dialog_progressbar.o dialog_textbox.o dialog.o menu_main.o menu_game.o  
# environment
GJS_DEBUG_OUTPUT = stderr
# default
.RECIPEPREFIX := 
# environment
LC_ADDRESS = es_ES.UTF-8
# environment
LANG = C
# environment
VSCODE_PID = 7155
# variable set hash-table stats:
# Load=196/1024=19%, Rehash=0, Collisions=55/385=14%

# Pattern-specific Variable Values

# No pattern-specific variable values.

# Directories

# data: could not be stat'd.
# src/gui (device 66310, inode 3932395): 15 files, no impossibilities.
# . (device 66310, inode 3932196): 16 files, no impossibilities.
# /home/jose/Desktop/CODE/Hellium-File-Explorer/src/gui (device 66310, inode 3932395): 15 files, no impossibilities.
# src/gui/dialog (device 66310, inode 4197006): 10 files, no impossibilities.
# /home/jose/Desktop/CODE/Hellium-File-Explorer/src/gui/dialog (device 66310, inode 4197006): 10 files, no impossibilities.
# /home/jose/Desktop/CODE/Hellium-File-Explorer/data: could not be stat'd.
# src (device 66310, inode 3932386): 23 files, no impossibilities.
# /home/jose/Desktop/CODE/Hellium-File-Explorer/src (device 66310, inode 3932386): 23 files, no impossibilities.
# src/menus (device 66310, inode 3932406): 6 files, no impossibilities.
# /home/jose/Desktop/CODE/Hellium-File-Explorer/src/menus (device 66310, inode 3932406): 6 files, no impossibilities.

# 124 files, no impossibilities in 11 directories.

# Implicit Rules

%.a:
#  recipe to execute (from '/opt/devkitpro/devkitPPC/base_rules', line 6):
	$(SILENTMSG) $(notdir $@)
	$(SILENTCMD)rm -f $@
	$(SILENTCMD)$(AR) -rc $@ $^

%.o: %.cpp
#  recipe to execute (from '/opt/devkitpro/devkitPPC/base_rules', line 12):
	$(SILENTMSG) $(notdir $<)
	$(SILENTCMD)$(CXX) -MMD -MP -MF $(DEPSDIR)/$*.d $(CXXFLAGS) -c $< -o $@ $(ERROR_FILTER)

%.o: %.c
#  recipe to execute (from '/opt/devkitpro/devkitPPC/base_rules', line 17):
	$(SILENTMSG) $(notdir $<)
	$(SILENTCMD)$(CC) -MMD -MP -MF $(DEPSDIR)/$*.d $(CFLAGS) -c $< -o $@ $(ERROR_FILTER)

%.o: %.m
#  recipe to execute (from '/opt/devkitpro/devkitPPC/base_rules', line 22):
	$(SILENTMSG) $(notdir $<)
	$(SILENTCMD)$(CC) -MMD -MP -MF $(DEPSDIR)/$*.d $(OBJCFLAGS) -c $< -o $@ $(ERROR_FILTER)

%.o: %.s
#  recipe to execute (from '/opt/devkitpro/devkitPPC/base_rules', line 27):
	$(SILENTMSG) $(notdir $<)
	$(SILENTCMD)$(CC) -MMD -MP -MF $(DEPSDIR)/$*.d -x assembler-with-cpp $(ASFLAGS) -c $< -o $@ $(ERROR_FILTER)

%.o: %.S
#  recipe to execute (from '/opt/devkitpro/devkitPPC/base_rules', line 32):
	$(SILENTMSG) $(notdir $<)
	$(SILENTCMD)$(CC) -MMD -MP -MF $(DEPSDIR)/$*.d -x assembler-with-cpp $(ASFLAGS) -c $< -o $@ $(ERROR_FILTER)

%.wuhb: %.rpx
#  recipe to execute (from '/opt/devkitpro/wut/share/wut_rules', line 62):
	$(SILENTCMD)wuhbtool $< $@ $(WUHB_OPTIONS)
	@echo built ... $(notdir $@)

%.rpx: %.elf
#  recipe to execute (from '/opt/devkitpro/wut/share/wut_rules', line 67):
	$(SILENTCMD)elf2rpl $< $@ $(ERROR_FILTER)
	@echo built ... $(notdir $@)

%.rpl: %.elf
#  recipe to execute (from '/opt/devkitpro/wut/share/wut_rules', line 72):
	$(SILENTCMD)elf2rpl --rpl $< $@ $(ERROR_FILTER)
	@echo built ... $(notdir $@)

%.elf:
#  recipe to execute (from '/opt/devkitpro/wut/share/wut_rules', line 77):
	@echo linking ... $(notdir $@)
	$(SILENTCMD)$(LD) $(LDFLAGS) $(OFILES) $(LIBPATHS) $(LIBS) -o $@ $(ERROR_FILTER)
	$(SILENTCMD)$(NM) -CSn $@ > $(notdir $*.lst) $(ERROR_FILTER)

%.o: %.def
#  recipe to execute (from '/opt/devkitpro/wut/share/wut_rules', line 83):
	$(SILENTMSG) $(notdir $<)
	$(SILENTCMD)rplimportgen $< $*.s $(ERROR_FILTER)
	$(SILENTCMD)$(CC) -x assembler-with-cpp $(ASFLAGS) -c $*.s -o $@ $(ERROR_FILTER)

%.romfs.o: /home/jose/Desktop/CODE/Hellium-File-Explorer/romfs
#  recipe to execute (from '/opt/devkitpro/portlibs/wiiu/share/romfs-wiiu.mk', line 14):
	@echo ROMFS $(notdir $@)
	$(Q)tar --format ustar -cvf romfs.tar -C $(TOPDIR)/$(ROMFS) .
	$(Q)$(OBJCOPY) --input-target binary --output-target elf32-powerpc --binary-architecture powerpc:common romfs.tar $@
	@rm -f romfs.tar

# 12 implicit rules, 0 (0.0%) terminal.

# Files

# Not a target:
/opt/devkitpro/devkitPPC/base_tools:
#  Implicit rule search has been done.
#  Last modified 2021-05-03 15:05:06
#  File has been updated.
#  Successfully updated.

# Not a target:
/opt/devkitpro/wut/share/wut_rules:
#  Implicit rule search has been done.
#  Last modified 2021-11-01 19:56:37
#  File has been updated.
#  Successfully updated.

all: build
#  Phony target (prerequisite of .PHONY).
#  Command line target.
#  Implicit rule search has not been done.
#  File does not exist.
#  File has been updated.
#  Needs to be updated (-q is set).
# variable set hash-table stats:
# Load=0/32=0%, Rehash=0, Collisions=0/7=0%

.PHONY: build clean all
#  Implicit rule search has not been done.
#  Modification time never checked.
#  File has not been updated.

.SUFFIXES:
#  Implicit rule search has not been done.
#  Modification time never checked.
#  File has not been updated.

# Not a target:
Makefile:
#  Implicit rule search has been done.
#  Last modified 2022-04-25 14:09:51.730291822
#  File has been updated.
#  Successfully updated.

build:
#  Phony target (prerequisite of .PHONY).
#  Implicit rule search has not been done.
#  Implicit/static pattern stem: ''
#  File does not exist.
#  File has been updated.
#  Needs to be updated (-q is set).
# automatic
# @ := build
# automatic
# % := 
# automatic
# * := 
# automatic
# + := 
# automatic
# | := 
# automatic
# < := 
# automatic
# ^ := 
# automatic
# ? := 
# variable set hash-table stats:
# Load=8/32=25%, Rehash=0, Collisions=3/17=18%
#  recipe to execute (from 'Makefile', line 155):
	@[ -d $@ ] || mkdir -p $@
	@$(MAKE) --no-print-directory -C $(BUILD) -f $(CURDIR)/Makefile

# Not a target:
/opt/devkitpro/portlibs/wiiu/share/romfs-wiiu.mk:
#  Implicit rule search has been done.
#  Last modified 2022-04-27 14:18:50
#  File has been updated.
#  Successfully updated.

# Not a target:
.DEFAULT:
#  Implicit rule search has not been done.
#  Modification time never checked.
#  File has not been updated.

clean:
#  Phony target (prerequisite of .PHONY).
#  Implicit rule search has not been done.
#  File does not exist.
#  File has not been updated.
#  recipe to execute (from 'Makefile', line 160):
	@echo clean ...
	@rm -fr $(BUILD) $(TARGET).wuhb $(TARGET).rpx $(TARGET).elf

# Not a target:
/opt/devkitpro/devkitPPC/base_rules:
#  Implicit rule search has been done.
#  Last modified 2021-05-03 15:05:06
#  File has been updated.
#  Successfully updated.
 

# files hash-table stats:
# Load=11/1024=1%, Rehash=0, Collisions=0/35=0%
# VPATH Search Paths

# No 'vpath' search paths.

# General ('VPATH' variable) search path:
# /home/jose/Desktop/CODE/Hellium-File-Explorer/src:/home/jose/Desktop/CODE/Hellium-File-Explorer/src/gui:/home/jose/Desktop/CODE/Hellium-File-Explorer/src/gui/dialog:/home/jose/Desktop/CODE/Hellium-File-Explorer/src/menus:/home/jose/Desktop/CODE/Hellium-File-Explorer/data

# strcache buffers: 1 (0) / strings = 96 / storage = 1430 B / avg = 14 B
# current buf: size = 8162 B / used = 1430 B / count = 96 / avg = 14 B

# strcache performance: lookups = 142 / hit rate = 32%
# hash-table stats:
# Load=96/8192=1%, Rehash=0, Collisions=9/142=6%
# Finished Make data base on Wed Apr 27 14:38:44 2022

 
